Library/Bee/Android/Prj/IL2CPP/Gradle/unityLibrary/build/intermediates/manifest_merge_blame_file/debug/manifest-merger-blame-debug-report.txt
1<?xml version="1.0" encoding="utf-8"?>
2<manifest xmlns:android="http://schemas.android.com/apk/res/android"
3    xmlns:tools="http://schemas.android.com/tools"
4    package="com.unity3d.player"
5    android:installLocation="auto" >
6
7    <uses-sdk
8        android:minSdkVersion="29"
8-->src\main\AndroidManifest.xml
9        android:targetSdkVersion="33" />
9-->src\main\AndroidManifest.xml
10
11    <uses-permission android:name="android.permission.INTERNET" />
11-->src\main\AndroidManifest.xml:3:3-65
11-->src\main\AndroidManifest.xml:3:20-62
12
13    <uses-feature android:glEsVersion="0x00030000" />
13-->src\main\AndroidManifest.xml:4:3-52
13-->src\main\AndroidManifest.xml:4:17-49
14    <uses-feature
14-->src\main\AndroidManifest.xml:5:3-91
15        android:name="android.hardware.vulkan.version"
15-->src\main\AndroidManifest.xml:5:17-63
16        android:required="false" />
16-->src\main\AndroidManifest.xml:5:64-88
17    <uses-feature
17-->src\main\AndroidManifest.xml:6:3-97
18        android:name="android.hardware.sensor.accelerometer"
18-->src\main\AndroidManifest.xml:6:17-69
19        android:required="false" />
19-->src\main\AndroidManifest.xml:6:70-94
20    <uses-feature
20-->src\main\AndroidManifest.xml:7:3-88
21        android:name="android.hardware.touchscreen"
21-->src\main\AndroidManifest.xml:7:17-60
22        android:required="false" />
22-->src\main\AndroidManifest.xml:7:61-85
23    <uses-feature
23-->src\main\AndroidManifest.xml:8:3-99
24        android:name="android.hardware.touchscreen.multitouch"
24-->src\main\AndroidManifest.xml:8:17-71
25        android:required="false" />
25-->src\main\AndroidManifest.xml:8:72-96
26    <uses-feature
26-->src\main\AndroidManifest.xml:9:3-108
27        android:name="android.hardware.touchscreen.multitouch.distinct"
27-->src\main\AndroidManifest.xml:9:17-80
28        android:required="false" />
28-->src\main\AndroidManifest.xml:9:81-105
29    <uses-feature
29-->src\main\AndroidManifest.xml:33:3-111
30        android:name="android.hardware.vr.headtracking"
30-->src\main\AndroidManifest.xml:33:17-64
31        android:required="true"
31-->src\main\AndroidManifest.xml:33:65-88
32        android:version="1" />
32-->src\main\AndroidManifest.xml:33:89-108
33
34    <application android:extractNativeLibs="true" >
34-->src\main\AndroidManifest.xml:10:3-32:17
34-->src\main\AndroidManifest.xml:10:16-48
35        <meta-data
35-->src\main\AndroidManifest.xml:11:5-69
36            android:name="unity.splash-mode"
36-->src\main\AndroidManifest.xml:11:16-48
37            android:value="0" />
37-->src\main\AndroidManifest.xml:11:49-66
38        <meta-data
38-->src\main\AndroidManifest.xml:12:5-74
39            android:name="unity.splash-enable"
39-->src\main\AndroidManifest.xml:12:16-50
40            android:value="True" />
40-->src\main\AndroidManifest.xml:12:51-71
41        <meta-data
41-->src\main\AndroidManifest.xml:13:5-78
42            android:name="unity.launch-fullscreen"
42-->src\main\AndroidManifest.xml:13:16-54
43            android:value="True" />
43-->src\main\AndroidManifest.xml:13:55-75
44        <meta-data
44-->src\main\AndroidManifest.xml:14:5-84
45            android:name="unity.allow-resizable-window"
45-->src\main\AndroidManifest.xml:14:16-59
46            android:value="False" />
46-->src\main\AndroidManifest.xml:14:60-81
47        <meta-data
47-->src\main\AndroidManifest.xml:15:5-81
48            android:name="notch.config"
48-->src\main\AndroidManifest.xml:15:16-43
49            android:value="portrait|landscape" />
49-->src\main\AndroidManifest.xml:15:44-78
50        <meta-data
50-->src\main\AndroidManifest.xml:16:5-84
51            android:name="unity.auto-report-fully-drawn"
51-->src\main\AndroidManifest.xml:16:16-60
52            android:value="true" />
52-->src\main\AndroidManifest.xml:16:61-81
53
54        <activity
54-->src\main\AndroidManifest.xml:17:5-26:16
55            android:name="com.unity3d.player.UnityPlayerActivity"
55-->src\main\AndroidManifest.xml:17:15-68
56            android:configChanges="keyboard|keyboardHidden|navigation|orientation|screenLayout|screenSize|uiMode|density"
56-->src\main\AndroidManifest.xml:17:204-313
57            android:exported="true"
57-->src\main\AndroidManifest.xml:17:385-408
58            android:hardwareAccelerated="false"
58-->src\main\AndroidManifest.xml:17:349-384
59            android:launchMode="singleTask"
59-->src\main\AndroidManifest.xml:17:172-203
60            android:resizeableActivity="false"
60-->src\main\AndroidManifest.xml:17:314-348
61            android:screenOrientation="landscape"
61-->src\main\AndroidManifest.xml:17:134-171
62            android:theme="@android:style/Theme.Black.NoTitleBar.Fullscreen" >
62-->src\main\AndroidManifest.xml:17:69-133
63            <intent-filter>
63-->src\main\AndroidManifest.xml:18:7-22:23
64                <category android:name="android.intent.category.LAUNCHER" />
64-->src\main\AndroidManifest.xml:19:9-69
64-->src\main\AndroidManifest.xml:19:19-66
65
66                <action android:name="android.intent.action.MAIN" />
66-->src\main\AndroidManifest.xml:20:9-61
66-->src\main\AndroidManifest.xml:20:17-58
67
68                <category android:name="com.oculus.intent.category.VR" />
68-->src\main\AndroidManifest.xml:21:9-66
68-->src\main\AndroidManifest.xml:21:19-63
69            </intent-filter>
70
71            <meta-data
71-->src\main\AndroidManifest.xml:23:7-82
72                android:name="unityplayer.UnityActivity"
72-->src\main\AndroidManifest.xml:23:18-58
73                android:value="true" />
73-->src\main\AndroidManifest.xml:23:59-79
74            <meta-data
74-->src\main\AndroidManifest.xml:24:7-70
75                android:name="notch_support"
75-->src\main\AndroidManifest.xml:24:18-46
76                android:value="true" />
76-->src\main\AndroidManifest.xml:24:47-67
77            <meta-data
77-->src\main\AndroidManifest.xml:25:7-81
78                android:name="com.oculus.vr.focusaware"
78-->src\main\AndroidManifest.xml:25:18-57
79                android:value="true" />
79-->src\main\AndroidManifest.xml:25:58-78
80        </activity>
81
82        <meta-data
82-->src\main\AndroidManifest.xml:27:5-97
83            android:name="com.samsung.android.vr.application.mode"
83-->src\main\AndroidManifest.xml:27:16-70
84            android:value="vr_only" />
84-->src\main\AndroidManifest.xml:27:71-94
85        <meta-data
85-->src\main\AndroidManifest.xml:28:5-91
86            android:name="com.unity.xr.oculus.LowOverheadMode"
86-->src\main\AndroidManifest.xml:28:16-66
87            android:value="false" />
87-->src\main\AndroidManifest.xml:28:67-88
88        <meta-data
88-->src\main\AndroidManifest.xml:29:5-88
89            android:name="com.unity.xr.oculus.LateLatching"
89-->src\main\AndroidManifest.xml:29:16-63
90            android:value="false" />
90-->src\main\AndroidManifest.xml:29:64-85
91        <meta-data
91-->src\main\AndroidManifest.xml:30:5-93
92            android:name="com.unity.xr.oculus.LateLatchingDebug"
92-->src\main\AndroidManifest.xml:30:16-68
93            android:value="false" />
93-->src\main\AndroidManifest.xml:30:69-90
94        <meta-data
94-->src\main\AndroidManifest.xml:31:5-92
95            android:name="com.oculus.supportedDevices"
95-->src\main\AndroidManifest.xml:31:16-58
96            android:value="quest2|cambria" />
96-->src\main\AndroidManifest.xml:31:59-89
97    </application>
98
99</manifest>